# JRE version: Java(TM) SE Runtime Environment (8.0_25-b17) (build 1.8.0_25-b17)
# Java VM: Java HotSpot(TM) 64-Bit Server VM (25.25-b02 mixed mode linux-amd64 compressed oops)
Heap:
 PSYoungGen      total 41984K, used 2528K [0x000000076cb00000, 0x0000000770c00000, 0x00000007c0000000)
  eden space 39424K, 0% used [0x000000076cb00000,0x000000076cb00000,0x000000076f180000)
  from space 2560K, 98% used [0x0000000770700000,0x0000000770978020,0x0000000770980000)
  to   space 2560K, 0% used [0x0000000770980000,0x0000000770980000,0x0000000770c00000)
 ParOldGen       total 79360K, used 52033K [0x00000006c6000000, 0x00000006cad80000, 0x000000076cb00000)
  object space 79360K, 65% used [0x00000006c6000000,0x00000006c92d0730,0x00000006cad80000)
 Metaspace       used 3847K, capacity 4694K, committed 4864K, reserved 1056768K
  class space    used 423K, capacity 437K, committed 512K, reserved 1048576K
GC Heap History (10 events):
Event: 0,309 GC heap after
Heap after GC invocations=1 (full 0):
 PSYoungGen      total 17920K, used 2528K [0x000000076cb00000, 0x000000076ee00000, 0x00000007c0000000)
  eden space 15360K, 0% used [0x000000076cb00000,0x000000076cb00000,0x000000076da00000)
  from space 2560K, 98% used [0x000000076da00000,0x000000076dc78010,0x000000076dc80000)
  to   space 2560K, 0% used [0x000000076eb80000,0x000000076eb80000,0x000000076ee00000)
 ParOldGen       total 40960K, used 10360K [0x00000006c6000000, 0x00000006c8800000, 0x000000076cb00000)
  object space 40960K, 25% used [0x00000006c6000000,0x00000006c6a1e000,0x00000006c8800000)
 Metaspace       used 3725K, capacity 4580K, committed 4864K, reserved 1056768K
  class space    used 414K, capacity 427K, committed 512K, reserved 1048576K
}
Event: 0,353 GC heap before
{Heap before GC invocations=2 (full 0):
 PSYoungGen      total 17920K, used 17888K [0x000000076cb00000, 0x000000076ee00000, 0x00000007c0000000)
  eden space 15360K, 100% used [0x000000076cb00000,0x000000076da00000,0x000000076da00000)
  from space 2560K, 98% used [0x000000076da00000,0x000000076dc78010,0x000000076dc80000)
  to   space 2560K, 0% used [0x000000076eb80000,0x000000076eb80000,0x000000076ee00000)
 ParOldGen       total 40960K, used 10360K [0x00000006c6000000, 0x00000006c8800000, 0x000000076cb00000)
  object space 40960K, 25% used [0x00000006c6000000,0x00000006c6a1e000,0x00000006c8800000)
 Metaspace       used 3737K, capacity 4580K, committed 4864K, reserved 1056768K
  class space    used 414K, capacity 427K, committed 512K, reserved 1048576K
Event: 0,379 GC heap after
Heap after GC invocations=2 (full 0):
 PSYoungGen      total 33280K, used 2560K [0x000000076cb00000, 0x000000076ee00000, 0x00000007c0000000)
  eden space 30720K, 0% used [0x000000076cb00000,0x000000076cb00000,0x000000076e900000)
  from space 2560K, 100% used [0x000000076eb80000,0x000000076ee00000,0x000000076ee00000)
  to   space 2560K, 0% used [0x000000076e900000,0x000000076e900000,0x000000076eb80000)
 ParOldGen       total 40960K, used 24520K [0x00000006c6000000, 0x00000006c8800000, 0x000000076cb00000)
  object space 40960K, 59% used [0x00000006c6000000,0x00000006c77f2060,0x00000006c8800000)
 Metaspace       used 3737K, capacity 4580K, committed 4864K, reserved 1056768K
  class space    used 414K, capacity 427K, committed 512K, reserved 1048576K
}
Event: 0,701 GC heap before
{Heap before GC invocations=3 (full 0):
 PSYoungGen      total 33280K, used 33280K [0x000000076cb00000, 0x000000076ee00000, 0x00000007c0000000)
  eden space 30720K, 100% used [0x000000076cb00000,0x000000076e900000,0x000000076e900000)
  from space 2560K, 100% used [0x000000076eb80000,0x000000076ee00000,0x000000076ee00000)
  to   space 2560K, 0% used [0x000000076e900000,0x000000076e900000,0x000000076eb80000)
 ParOldGen       total 40960K, used 24520K [0x00000006c6000000, 0x00000006c8800000, 0x000000076cb00000)
  object space 40960K, 59% used [0x00000006c6000000,0x00000006c77f2060,0x00000006c8800000)
 Metaspace       used 3848K, capacity 4696K, committed 4864K, reserved 1056768K
  class space    used 423K, capacity 438K, committed 512K, reserved 1048576K
Event: 0,777 GC heap after
Heap after GC invocations=3 (full 0):
 PSYoungGen      total 33280K, used 2560K [0x000000076cb00000, 0x0000000770c00000, 0x00000007c0000000)
  eden space 30720K, 0% used [0x000000076cb00000,0x000000076cb00000,0x000000076e900000)
  from space 2560K, 100% used [0x000000076e900000,0x000000076eb80000,0x000000076eb80000)
  to   space 2560K, 0% used [0x0000000770980000,0x0000000770980000,0x0000000770c00000)
 ParOldGen       total 40960K, used 36664K [0x00000006c6000000, 0x00000006c8800000, 0x000000076cb00000)
  object space 40960K, 89% used [0x00000006c6000000,0x00000006c83ce0a0,0x00000006c8800000)
 Metaspace       used 3848K, capacity 4696K, committed 4864K, reserved 1056768K
  class space    used 423K, capacity 438K, committed 512K, reserved 1048576K
}
Event: 0,777 GC heap before
{Heap before GC invocations=4 (full 1):
 PSYoungGen      total 33280K, used 2560K [0x000000076cb00000, 0x0000000770c00000, 0x00000007c0000000)
  eden space 30720K, 0% used [0x000000076cb00000,0x000000076cb00000,0x000000076e900000)
  from space 2560K, 100% used [0x000000076e900000,0x000000076eb80000,0x000000076eb80000)
  to   space 2560K, 0% used [0x0000000770980000,0x0000000770980000,0x0000000770c00000)
 ParOldGen       total 40960K, used 36664K [0x00000006c6000000, 0x00000006c8800000, 0x000000076cb00000)
  object space 40960K, 89% used [0x00000006c6000000,0x00000006c83ce0a0,0x00000006c8800000)
 Metaspace       used 3848K, capacity 4696K, committed 4864K, reserved 1056768K
  class space    used 423K, capacity 438K, committed 512K, reserved 1048576K
Event: 1,399 GC heap after
Heap after GC invocations=4 (full 1):
 PSYoungGen      total 33280K, used 0K [0x000000076cb00000, 0x0000000770c00000, 0x00000007c0000000)
  eden space 30720K, 0% used [0x000000076cb00000,0x000000076cb00000,0x000000076e900000)
  from space 2560K, 0% used [0x000000076e900000,0x000000076e900000,0x000000076eb80000)
  to   space 2560K, 0% used [0x0000000770980000,0x0000000770980000,0x0000000770c00000)
 ParOldGen       total 79360K, used 39001K [0x00000006c6000000, 0x00000006cad80000, 0x000000076cb00000)
  object space 79360K, 49% used [0x00000006c6000000,0x00000006c8616730,0x00000006cad80000)
 Metaspace       used 3846K, capacity 4694K, committed 4864K, reserved 1056768K
  class space    used 423K, capacity 437K, committed 512K, reserved 1048576K
}
Event: 1,923 GC heap before
{Heap before GC invocations=5 (full 1):
 PSYoungGen      total 33280K, used 30720K [0x000000076cb00000, 0x0000000770c00000, 0x00000007c0000000)
  eden space 30720K, 100% used [0x000000076cb00000,0x000000076e900000,0x000000076e900000)
  from space 2560K, 0% used [0x000000076e900000,0x000000076e900000,0x000000076eb80000)
  to   space 2560K, 0% used [0x0000000770980000,0x0000000770980000,0x0000000770c00000)
 ParOldGen       total 79360K, used 39001K [0x00000006c6000000, 0x00000006cad80000, 0x000000076cb00000)
  object space 79360K, 49% used [0x00000006c6000000,0x00000006c8616730,0x00000006cad80000)
 Metaspace       used 3847K, capacity 4694K, committed 4864K, reserved 1056768K
  class space    used 423K, capacity 437K, committed 512K, reserved 1048576K
Event: 1,980 GC heap after
Heap after GC invocations=5 (full 1):
 PSYoungGen      total 41984K, used 2528K [0x000000076cb00000, 0x0000000770c00000, 0x00000007c0000000)
  eden space 39424K, 0% used [0x000000076cb00000,0x000000076cb00000,0x000000076f180000)
  from space 2560K, 98% used [0x0000000770980000,0x0000000770bf8010,0x0000000770c00000)
  to   space 2560K, 0% used [0x0000000770700000,0x0000000770700000,0x0000000770980000)
 ParOldGen       total 79360K, used 43569K [0x00000006c6000000, 0x00000006cad80000, 0x000000076cb00000)
  object space 79360K, 54% used [0x00000006c6000000,0x00000006c8a8c730,0x00000006cad80000)
 Metaspace       used 3847K, capacity 4694K, committed 4864K, reserved 1056768K
  class space    used 423K, capacity 437K, committed 512K, reserved 1048576K
}
Event: 2,281 GC heap before
{Heap before GC invocations=6 (full 1):
 PSYoungGen      total 41984K, used 41952K [0x000000076cb00000, 0x0000000770c00000, 0x00000007c0000000)
  eden space 39424K, 100% used [0x000000076cb00000,0x000000076f180000,0x000000076f180000)
  from space 2560K, 98% used [0x0000000770980000,0x0000000770bf8010,0x0000000770c00000)
  to   space 2560K, 0% used [0x0000000770700000,0x0000000770700000,0x0000000770980000)
 ParOldGen       total 79360K, used 43569K [0x00000006c6000000, 0x00000006cad80000, 0x000000076cb00000)
  object space 79360K, 54% used [0x00000006c6000000,0x00000006c8a8c730,0x00000006cad80000)
 Metaspace       used 3847K, capacity 4694K, committed 4864K, reserved 1056768K
  class space    used 423K, capacity 437K, committed 512K, reserved 1048576K

